2013-02-11 15:07:44,009 DEBUG [ckanext.ngds.metadata.model.additional_metadata] Additional Metadata tables defined in memory
2013-02-11 15:07:44,865 DEBUG [ckanext.ngds.metadata.model.additional_metadata] Created responsible_party table
2013-02-11 15:07:45,121 DEBUG [ckanext.ngds.metadata.model.additional_metadata] Created package_additional_metadata table
2013-02-11 15:07:45,207 DEBUG [ckanext.ngds.metadata.model.additional_metadata] Created resource_additional_metadata table
2013-02-11 15:07:45,208 DEBUG [ckanext.ngds.harvest.model.harvest_node] NGDS Harvesting tables defined in memory
2013-02-11 15:07:45,291 DEBUG [ckanext.ngds.harvest.model.harvest_node] Created harvest_node table
2013-02-11 15:07:45,463 DEBUG [ckanext.ngds.harvest.model.harvest_node] Created harvested_record table
2013-03-11 14:45:42,093 DEBUG [ckanext.spatial.model.package_extent] Spatial tables defined in memory
2013-03-11 14:45:42,097 DEBUG [ckanext.spatial.model.package_extent] Spatial tables already exist
2013-03-11 14:45:42,105 DEBUG [ckanext.harvest.model] Harvest tables defined in memory
2013-03-11 14:45:42,106 DEBUG [ckanext.harvest.model] Harvest tables already exist
2013-03-11 14:45:42,111 DEBUG [ckanext.ngds.metadata.model.additional_metadata] Additional Metadata tables defined in memory
2013-03-11 14:45:42,113 DEBUG [ckanext.ngds.metadata.model.additional_metadata] responsible_party table already exists
2013-03-11 14:45:42,114 DEBUG [ckanext.ngds.metadata.model.additional_metadata] package_additional_metadata table already exists
2013-03-11 14:45:42,115 DEBUG [ckanext.ngds.metadata.model.additional_metadata] resource_additional_metadata table already exists
2013-03-11 14:45:42,150 DEBUG [ckanext.ngds.metadata.model.additional_metadata] Created languages table
2013-03-11 14:45:42,151 DEBUG [ckanext.ngds.harvest.model.harvest_node] NGDS Harvesting tables defined in memory
2013-03-11 14:45:42,152 DEBUG [ckanext.ngds.harvest.model.harvest_node] harvest_node table already exists
2013-03-11 14:45:42,154 DEBUG [ckanext.ngds.harvest.model.harvest_node] harvested_record table already exists
2013-03-11 14:45:42,155 DEBUG [ckanext.ngds.csw.model.csw_records] Could not create CSW tables. Please make sure that you've added the csw plugin to your CKAN config .ini file.
2013-03-11 14:49:12,319 DEBUG [ckanext.spatial.model.package_extent] Spatial tables defined in memory
2013-03-11 14:49:12,322 DEBUG [ckanext.spatial.model.package_extent] Spatial tables already exist
2013-03-11 14:49:12,329 DEBUG [ckanext.harvest.model] Harvest tables defined in memory
2013-03-11 14:49:12,332 DEBUG [ckanext.harvest.model] Harvest tables already exist
2013-03-11 14:49:12,335 DEBUG [ckanext.ngds.metadata.model.additional_metadata] Additional Metadata tables defined in memory
2013-03-11 14:49:12,337 DEBUG [ckanext.ngds.metadata.model.additional_metadata] responsible_party table already exists
2013-03-11 14:49:12,339 DEBUG [ckanext.ngds.metadata.model.additional_metadata] package_additional_metadata table already exists
2013-03-11 14:49:12,339 DEBUG [ckanext.ngds.metadata.model.additional_metadata] resource_additional_metadata table already exists
2013-03-11 14:49:12,340 DEBUG [ckanext.ngds.metadata.model.additional_metadata] languages table already exists
2013-03-11 14:49:12,340 DEBUG [ckanext.ngds.harvest.model.harvest_node] NGDS Harvesting tables defined in memory
2013-03-11 14:49:12,342 DEBUG [ckanext.ngds.harvest.model.harvest_node] harvest_node table already exists
2013-03-11 14:49:12,343 DEBUG [ckanext.ngds.harvest.model.harvest_node] harvested_record table already exists
2013-03-11 14:49:12,343 DEBUG [ckanext.ngds.csw.model.csw_records] Could not create CSW tables. Please make sure that you've added the csw plugin to your CKAN config .ini file.
2013-03-11 14:55:10,715 DEBUG [ckanext.spatial.model.package_extent] Spatial tables defined in memory
2013-03-11 14:55:10,719 DEBUG [ckanext.spatial.model.package_extent] Spatial tables already exist
2013-03-11 14:55:10,725 DEBUG [ckanext.harvest.model] Harvest tables defined in memory
2013-03-11 14:55:10,728 DEBUG [ckanext.harvest.model] Harvest tables already exist
2013-03-11 14:55:10,732 DEBUG [ckanext.ngds.metadata.model.additional_metadata] Additional Metadata tables defined in memory
2013-03-11 14:55:10,734 DEBUG [ckanext.ngds.metadata.model.additional_metadata] responsible_party table already exists
2013-03-11 14:55:10,735 DEBUG [ckanext.ngds.metadata.model.additional_metadata] package_additional_metadata table already exists
2013-03-11 14:55:10,735 DEBUG [ckanext.ngds.metadata.model.additional_metadata] resource_additional_metadata table already exists
2013-03-11 14:55:10,736 DEBUG [ckanext.ngds.metadata.model.additional_metadata] languages table already exists
2013-03-11 14:55:43,005 DEBUG [ckanext.spatial.model.package_extent] Spatial tables defined in memory
2013-03-11 14:55:43,008 DEBUG [ckanext.spatial.model.package_extent] Spatial tables already exist
2013-03-11 14:55:43,015 DEBUG [ckanext.harvest.model] Harvest tables defined in memory
2013-03-11 14:55:43,017 DEBUG [ckanext.harvest.model] Harvest tables already exist
2013-03-11 14:55:43,022 DEBUG [ckanext.ngds.metadata.model.additional_metadata] Additional Metadata tables defined in memory
2013-03-11 14:55:43,024 DEBUG [ckanext.ngds.metadata.model.additional_metadata] responsible_party table already exists
2013-03-11 14:55:43,024 DEBUG [ckanext.ngds.metadata.model.additional_metadata] package_additional_metadata table already exists
2013-03-11 14:55:43,025 DEBUG [ckanext.ngds.metadata.model.additional_metadata] resource_additional_metadata table already exists
2013-03-11 14:55:43,026 DEBUG [ckanext.ngds.metadata.model.additional_metadata] languages table already exists
2013-03-11 14:55:43,027 DEBUG [ckanext.ngds.harvest.model.harvest_node] NGDS Harvesting tables defined in memory
2013-03-11 14:55:43,029 DEBUG [ckanext.ngds.harvest.model.harvest_node] harvest_node table already exists
2013-03-11 14:55:43,029 DEBUG [ckanext.ngds.harvest.model.harvest_node] harvested_record table already exists
2013-03-11 14:55:43,030 DEBUG [ckanext.ngds.csw.model.csw_records] Could not create CSW tables. Please make sure that you've added the csw plugin to your CKAN config .ini file.
2013-03-11 15:11:54,590 DEBUG [ckanext.spatial.model.package_extent] Spatial tables defined in memory
2013-03-11 15:11:54,593 DEBUG [ckanext.spatial.model.package_extent] Spatial tables already exist
2013-03-11 15:11:54,601 DEBUG [ckanext.harvest.model] Harvest tables defined in memory
2013-03-11 15:11:54,603 DEBUG [ckanext.harvest.model] Harvest tables already exist
2013-03-11 15:11:54,607 DEBUG [ckanext.ngds.metadata.model.additional_metadata] Additional Metadata tables defined in memory
2013-03-11 15:11:54,608 DEBUG [ckanext.ngds.metadata.model.additional_metadata] responsible_party table already exists
2013-03-11 15:11:54,609 DEBUG [ckanext.ngds.metadata.model.additional_metadata] package_additional_metadata table already exists
2013-03-11 15:11:54,611 DEBUG [ckanext.ngds.metadata.model.additional_metadata] resource_additional_metadata table already exists
2013-03-11 15:11:54,612 DEBUG [ckanext.ngds.metadata.model.additional_metadata] languages table already exists
2013-03-11 15:12:19,199 DEBUG [ckanext.spatial.model.package_extent] Spatial tables defined in memory
2013-03-11 15:12:19,203 DEBUG [ckanext.spatial.model.package_extent] Spatial tables already exist
2013-03-11 15:12:19,210 DEBUG [ckanext.harvest.model] Harvest tables defined in memory
2013-03-11 15:12:19,213 DEBUG [ckanext.harvest.model] Harvest tables already exist
2013-03-11 15:12:19,218 DEBUG [ckanext.ngds.metadata.model.additional_metadata] Additional Metadata tables defined in memory
2013-03-11 15:12:19,220 DEBUG [ckanext.ngds.metadata.model.additional_metadata] responsible_party table already exists
2013-03-11 15:12:19,220 DEBUG [ckanext.ngds.metadata.model.additional_metadata] package_additional_metadata table already exists
2013-03-11 15:12:19,221 DEBUG [ckanext.ngds.metadata.model.additional_metadata] resource_additional_metadata table already exists
2013-03-11 15:12:19,222 DEBUG [ckanext.ngds.metadata.model.additional_metadata] languages table already exists
2013-03-11 15:12:19,412 DEBUG [ckanext.ngds.harvest.model.harvest_node] NGDS Harvesting tables defined in memory
2013-03-11 15:12:19,414 DEBUG [ckanext.ngds.harvest.model.harvest_node] harvest_node table already exists
2013-03-11 15:12:19,415 DEBUG [ckanext.ngds.harvest.model.harvest_node] harvested_record table already exists
2013-03-11 15:12:19,415 DEBUG [ckanext.ngds.csw.model.csw_records] Could not create CSW tables. Please make sure that you've added the csw plugin to your CKAN config .ini file.
